2024-07-09 02:15:08.105 INFO  (main) [   ] o.e.j.u.log Logging initialized @950ms to org.eclipse.jetty.util.log.Slf4jLog
2024-07-09 02:15:08.306 INFO  (main) [   ] o.e.j.s.Server jetty-9.4.24.v20191120; built: 2019-11-20T21:37:49.771Z; git: 363d5f2df3a8a28de40604320230664b9c793c16; jvm 11.0.21+9-post-Ubuntu-0ubuntu122.04
2024-07-09 02:15:08.332 INFO  (main) [   ] o.e.j.d.p.ScanningAppProvider Deployment monitor [file:///mnt/c/Users/jonat/Programming/solr-learning/solr-8.5.2/server/contexts/] at interval 0
2024-07-09 02:15:08.965 INFO  (main) [   ] o.e.j.w.StandardDescriptorProcessor NO JSP Support for /solr, did not find org.apache.jasper.servlet.JspServlet
2024-07-09 02:15:08.977 INFO  (main) [   ] o.e.j.s.session DefaultSessionIdManager workerName=node0
2024-07-09 02:15:08.977 INFO  (main) [   ] o.e.j.s.session No SessionScavenger set, using defaults
2024-07-09 02:15:08.980 INFO  (main) [   ] o.e.j.s.session node0 Scavenging every 660000ms
2024-07-09 02:15:09.053 INFO  (main) [   ] o.a.s.s.SolrDispatchFilter Using logger factory org.apache.logging.slf4j.Log4jLoggerFactory
2024-07-09 02:15:09.057 INFO  (main) [   ] o.a.s.s.SolrDispatchFilter  ___      _       Welcome to Apache Solr™ version 8.5.2
2024-07-09 02:15:09.057 INFO  (main) [   ] o.a.s.s.SolrDispatchFilter / __| ___| |_ _   Starting in standalone mode on port 8983
2024-07-09 02:15:09.057 INFO  (main) [   ] o.a.s.s.SolrDispatchFilter \__ \/ _ \ | '_|  Install dir: /mnt/c/Users/jonat/Programming/solr-learning/solr-8.5.2
2024-07-09 02:15:09.057 INFO  (main) [   ] o.a.s.s.SolrDispatchFilter |___/\___/_|_|    Start time: 2024-07-09T02:15:09.057636Z
2024-07-09 02:15:09.095 INFO  (main) [   ] o.a.s.c.SolrResourceLoader Using system property solr.solr.home: /mnt/c/Users/jonat/Programming/solr-learning/solr-8.5.2/example/techproducts/solr
2024-07-09 02:15:09.101 INFO  (main) [   ] o.a.s.c.SolrXmlConfig Loading container configuration from /mnt/c/Users/jonat/Programming/solr-learning/solr-8.5.2/example/techproducts/solr/solr.xml
2024-07-09 02:15:09.155 INFO  (main) [   ] o.a.s.c.SolrXmlConfig MBean server found: com.sun.jmx.mbeanserver.JmxMBeanServer@72e5a8e, but no JMX reporters were configured - adding default JMX reporter.
2024-07-09 02:15:09.545 INFO  (main) [   ] o.a.s.h.c.HttpShardHandlerFactory Host whitelist initialized: WhitelistHostChecker [whitelistHosts=null, whitelistHostCheckingEnabled=true]
2024-07-09 02:15:09.667 WARN  (main) [   ] o.e.j.u.s.S.config Trusting all certificates configured for Client@2fc2a205[provider=null,keyStore=null,trustStore=null]
2024-07-09 02:15:09.667 WARN  (main) [   ] o.e.j.u.s.S.config No Client EndPointIdentificationAlgorithm configured for Client@2fc2a205[provider=null,keyStore=null,trustStore=null]
2024-07-09 02:15:09.847 WARN  (main) [   ] o.e.j.u.s.S.config Trusting all certificates configured for Client@4248b963[provider=null,keyStore=null,trustStore=null]
2024-07-09 02:15:09.847 WARN  (main) [   ] o.e.j.u.s.S.config No Client EndPointIdentificationAlgorithm configured for Client@4248b963[provider=null,keyStore=null,trustStore=null]
2024-07-09 02:15:09.869 WARN  (main) [   ] o.a.s.c.CoreContainer Not all security plugins configured!  authentication=disabled authorization=disabled.  Solr is only as secure as you make it. Consider configuring authentication/authorization before exposing Solr to users internal or external.  See https://s.apache.org/solrsecurity for more info
2024-07-09 02:15:10.021 INFO  (main) [   ] o.a.s.c.TransientSolrCoreCacheDefault Allocating transient cache for 2147483647 transient cores
2024-07-09 02:15:10.022 INFO  (main) [   ] o.a.s.h.a.MetricsHistoryHandler No .system collection, keeping metrics history in memory.
2024-07-09 02:15:10.099 INFO  (main) [   ] o.a.s.m.r.SolrJmxReporter JMX monitoring for 'solr.node' (registry 'solr.node') enabled at server: com.sun.jmx.mbeanserver.JmxMBeanServer@72e5a8e
2024-07-09 02:15:10.100 INFO  (main) [   ] o.a.s.m.r.SolrJmxReporter JMX monitoring for 'solr.jvm' (registry 'solr.jvm') enabled at server: com.sun.jmx.mbeanserver.JmxMBeanServer@72e5a8e
2024-07-09 02:15:10.102 INFO  (main) [   ] o.a.s.m.r.SolrJmxReporter JMX monitoring for 'solr.jetty' (registry 'solr.jetty') enabled at server: com.sun.jmx.mbeanserver.JmxMBeanServer@72e5a8e
2024-07-09 02:15:10.136 INFO  (main) [   ] o.a.s.c.CorePropertiesLocator Found 0 core definitions underneath /mnt/c/Users/jonat/Programming/solr-learning/solr-8.5.2/example/techproducts/solr
2024-07-09 02:15:10.194 INFO  (main) [   ] o.e.j.s.h.ContextHandler Started o.e.j.w.WebAppContext@2313052e{/solr,file:///mnt/c/Users/jonat/Programming/solr-learning/solr-8.5.2/server/solr-webapp/webapp/,AVAILABLE}{/mnt/c/Users/jonat/Programming/solr-learning/solr-8.5.2/server/solr-webapp/webapp}
2024-07-09 02:15:10.205 INFO  (main) [   ] o.e.j.s.AbstractConnector Started ServerConnector@5d12a356{HTTP/1.1,[http/1.1, h2c]}{0.0.0.0:8983}
2024-07-09 02:15:10.205 INFO  (main) [   ] o.e.j.s.Server Started @3052ms
2024-07-09 02:15:12.136 INFO  (qtp570794077-46) [   ] o.a.s.s.HttpSolrCall [admin] webapp=null path=/admin/info/system params={wt=json} status=0 QTime=40
2024-07-09 02:15:12.191 INFO  (qtp570794077-26) [   x:techproducts] o.a.s.s.HttpSolrCall [admin] webapp=null path=/admin/cores params={core=techproducts&action=STATUS&wt=json} status=0 QTime=0
2024-07-09 02:15:12.207 INFO  (qtp570794077-27) [   ] o.a.s.s.HttpSolrCall [admin] webapp=null path=/admin/info/system params={wt=json} status=0 QTime=7
2024-07-09 02:15:12.222 INFO  (qtp570794077-28) [   ] o.a.s.s.HttpSolrCall [admin] webapp=null path=/admin/info/system params={wt=json} status=0 QTime=6
2024-07-09 02:15:12.227 INFO  (qtp570794077-29) [   x:techproducts] o.a.s.s.HttpSolrCall [admin] webapp=null path=/admin/cores params={core=techproducts&action=STATUS&wt=json} status=0 QTime=0
2024-07-09 02:15:14.602 INFO  (qtp570794077-30) [   x:techproducts] o.a.s.h.a.CoreAdminOperation core create command name=techproducts&action=CREATE&instanceDir=techproducts&wt=json
2024-07-09 02:15:14.710 INFO  (qtp570794077-30) [   x:techproducts] o.a.s.c.SolrResourceLoader [techproducts] Added 63 libs to classloader, from paths: [/mnt/c/Users/jonat/Programming/solr-learning/solr-8.5.2/contrib/clustering/lib, /mnt/c/Users/jonat/Programming/solr-learning/solr-8.5.2/contrib/extraction/lib, /mnt/c/Users/jonat/Programming/solr-learning/solr-8.5.2/contrib/langid/lib, /mnt/c/Users/jonat/Programming/solr-learning/solr-8.5.2/contrib/velocity/lib, /mnt/c/Users/jonat/Programming/solr-learning/solr-8.5.2/dist]
2024-07-09 02:15:16.183 INFO  (qtp570794077-30) [   x:techproducts] o.a.s.c.SolrConfig Using Lucene MatchVersion: 8.5.2
2024-07-09 02:15:16.202 INFO  (qtp570794077-30) [   x:techproducts] o.a.s.u.SolrIndexConfig IndexWriter infoStream solr logging is enabled
2024-07-09 02:15:16.332 INFO  (qtp570794077-30) [   x:techproducts] o.a.s.s.IndexSchema [techproducts] Schema name=example
2024-07-09 02:15:16.505 INFO  (qtp570794077-28) [   ] o.a.s.s.HttpSolrCall [admin] webapp=null path=/admin/cores params={indexInfo=false&wt=json&_=1720491316477} status=0 QTime=0
2024-07-09 02:15:16.517 INFO  (qtp570794077-49) [   ] o.a.s.s.HttpSolrCall [admin] webapp=null path=/admin/info/system params={wt=json&_=1720491316477} status=0 QTime=11
2024-07-09 02:15:16.526 INFO  (qtp570794077-29) [   ] o.a.s.s.HttpSolrCall [admin] webapp=null path=/admin/info/system params={wt=json&_=1720491316477} status=0 QTime=6
2024-07-09 02:15:17.158 INFO  (qtp570794077-30) [   x:techproducts] o.a.s.r.RestManager Registered ManagedResource impl org.apache.solr.rest.schema.analysis.ManagedWordSetResource for path /schema/analysis/stopwords/english
2024-07-09 02:15:17.159 INFO  (qtp570794077-30) [   x:techproducts] o.a.s.r.RestManager Registered ManagedResource impl org.apache.solr.rest.schema.analysis.ManagedSynonymGraphFilterFactory$SynonymManager for path /schema/analysis/synonyms/english
2024-07-09 02:15:17.159 INFO  (qtp570794077-30) [   x:techproducts] o.a.s.r.RestManager Added observer of type org.apache.solr.rest.schema.analysis.ManagedStopFilterFactory to existing ManagedResource /schema/analysis/stopwords/english
2024-07-09 02:15:17.159 INFO  (qtp570794077-30) [   x:techproducts] o.a.s.r.RestManager Added observer of type org.apache.solr.rest.schema.analysis.ManagedSynonymGraphFilterFactory to existing ManagedResource /schema/analysis/synonyms/english
2024-07-09 02:15:17.185 INFO  (qtp570794077-30) [   x:techproducts] o.a.s.s.IndexSchema Loaded schema example/1.6 with uniqueid field id
2024-07-09 02:15:17.185 INFO  (qtp570794077-30) [   x:techproducts] o.a.s.r.RestManager Added observer of type org.apache.solr.rest.schema.analysis.ManagedStopFilterFactory to existing ManagedResource /schema/analysis/stopwords/english
2024-07-09 02:15:17.185 INFO  (qtp570794077-30) [   x:techproducts] o.a.s.r.RestManager Added observer of type org.apache.solr.rest.schema.analysis.ManagedSynonymGraphFilterFactory to existing ManagedResource /schema/analysis/synonyms/english
2024-07-09 02:15:17.185 INFO  (qtp570794077-30) [   x:techproducts] o.a.s.r.RestManager Added observer of type org.apache.solr.rest.schema.analysis.ManagedStopFilterFactory to existing ManagedResource /schema/analysis/stopwords/english
2024-07-09 02:15:17.185 INFO  (qtp570794077-30) [   x:techproducts] o.a.s.r.RestManager Added observer of type org.apache.solr.rest.schema.analysis.ManagedSynonymGraphFilterFactory to existing ManagedResource /schema/analysis/synonyms/english
2024-07-09 02:15:17.523 INFO  (qtp570794077-30) [   x:techproducts] o.a.s.c.CoreContainer Creating SolrCore 'techproducts' using configuration from instancedir /mnt/c/Users/jonat/Programming/solr-learning/solr-8.5.2/example/techproducts/solr/techproducts, trusted=true
2024-07-09 02:15:17.541 INFO  (qtp570794077-30) [   x:techproducts] o.a.s.m.r.SolrJmxReporter JMX monitoring for 'solr.core.techproducts' (registry 'solr.core.techproducts') enabled at server: com.sun.jmx.mbeanserver.JmxMBeanServer@72e5a8e
2024-07-09 02:15:17.572 INFO  (qtp570794077-30) [   x:techproducts] o.a.s.c.SolrCore [[techproducts] ] Opening new SolrCore at [/mnt/c/Users/jonat/Programming/solr-learning/solr-8.5.2/example/techproducts/solr/techproducts], dataDir=[/mnt/c/Users/jonat/Programming/solr-learning/solr-8.5.2/example/techproducts/solr/techproducts/data/]
2024-07-09 02:15:17.753 INFO  (qtp570794077-30) [   x:techproducts] o.a.s.r.XSLTResponseWriter xsltCacheLifetimeSeconds=5
2024-07-09 02:15:18.406 INFO  (qtp570794077-30) [   x:techproducts] o.a.s.u.UpdateHandler Using UpdateLog implementation: org.apache.solr.update.UpdateLog
2024-07-09 02:15:18.406 INFO  (qtp570794077-30) [   x:techproducts] o.a.s.u.UpdateLog Initializing UpdateLog: dataDir= defaultSyncLevel=FLUSH numRecordsToKeep=100 maxNumLogsToKeep=10 numVersionBuckets=65536
2024-07-09 02:15:18.425 INFO  (qtp570794077-30) [   x:techproducts] o.a.s.u.CommitTracker Hard AutoCommit: if uncommitted for 15000ms; 
2024-07-09 02:15:18.426 INFO  (qtp570794077-30) [   x:techproducts] o.a.s.u.CommitTracker Soft AutoCommit: disabled
2024-07-09 02:15:18.461 INFO  (qtp570794077-30) [   x:techproducts] o.a.s.s.SolrIndexSearcher Opening [Searcher@51824ae9[techproducts] main]
2024-07-09 02:15:18.471 INFO  (qtp570794077-30) [   x:techproducts] o.a.s.r.ManagedResourceStorage File-based storage initialized to use dir: /mnt/c/Users/jonat/Programming/solr-learning/solr-8.5.2/example/techproducts/solr/techproducts/conf
2024-07-09 02:15:18.475 INFO  (qtp570794077-30) [   x:techproducts] o.a.s.r.ManagedResourceStorage Loaded LinkedHashMap at path _rest_managed.json using file:dir=/mnt/c/Users/jonat/Programming/solr-learning/solr-8.5.2/example/techproducts/solr/techproducts/conf
2024-07-09 02:15:18.475 INFO  (qtp570794077-30) [   x:techproducts] o.a.s.r.ManagedResource Loaded initArgs {} for /rest/managed
2024-07-09 02:15:18.478 INFO  (qtp570794077-30) [   x:techproducts] o.a.s.r.ManagedResourceStorage Loaded LinkedHashMap at path _schema_analysis_stopwords_english.json using file:dir=/mnt/c/Users/jonat/Programming/solr-learning/solr-8.5.2/example/techproducts/solr/techproducts/conf
2024-07-09 02:15:18.478 INFO  (qtp570794077-30) [   x:techproducts] o.a.s.r.ManagedResource Loaded initArgs {ignoreCase=true} for /schema/analysis/stopwords/english
2024-07-09 02:15:18.478 INFO  (qtp570794077-30) [   x:techproducts] o.a.s.r.s.a.ManagedWordSetResource Loaded 35 words for /schema/analysis/stopwords/english
2024-07-09 02:15:18.478 INFO  (qtp570794077-30) [   x:techproducts] o.a.s.r.ManagedResource Notified 2 observers of /schema/analysis/stopwords/english
2024-07-09 02:15:18.480 INFO  (qtp570794077-30) [   x:techproducts] o.a.s.r.ManagedResourceStorage Loaded LinkedHashMap at path _schema_analysis_synonyms_english.json using file:dir=/mnt/c/Users/jonat/Programming/solr-learning/solr-8.5.2/example/techproducts/solr/techproducts/conf
2024-07-09 02:15:18.480 INFO  (qtp570794077-30) [   x:techproducts] o.a.s.r.ManagedResource Loaded initArgs {ignoreCase=true,format=solr} for /schema/analysis/synonyms/english
2024-07-09 02:15:18.481 INFO  (qtp570794077-30) [   x:techproducts] o.a.s.r.s.a.ManagedSynonymGraphFilterFactory Loaded 3 synonym mappings for /schema/analysis/synonyms/english
2024-07-09 02:15:18.482 INFO  (qtp570794077-30) [   x:techproducts] o.a.s.r.ManagedResource Notified 2 observers of /schema/analysis/synonyms/english
2024-07-09 02:15:18.495 INFO  (qtp570794077-30) [   x:techproducts] o.a.s.h.c.SpellCheckComponent Initializing spell checkers
2024-07-09 02:15:18.510 INFO  (qtp570794077-30) [   x:techproducts] o.a.s.s.DirectSolrSpellChecker init: {name=default,field=text,classname=solr.DirectSolrSpellChecker,distanceMeasure=internal,accuracy=0.5,maxEdits=2,minPrefix=1,maxInspections=5,minQueryLength=4,maxQueryFrequency=0.01}
2024-07-09 02:15:18.521 INFO  (qtp570794077-30) [   x:techproducts] o.a.s.h.c.SuggestComponent Initializing SuggestComponent
2024-07-09 02:15:18.525 INFO  (qtp570794077-30) [   x:techproducts] o.a.s.s.s.SolrSuggester init: {name=mySuggester,lookupImpl=FuzzyLookupFactory,dictionaryImpl=DocumentDictionaryFactory,field=cat,weightField=price,suggestAnalyzerFieldType=string,buildOnStartup=false}
2024-07-09 02:15:18.552 INFO  (qtp570794077-30) [   x:techproducts] o.a.s.s.s.SolrSuggester Dictionary loaded with params: {name=mySuggester,lookupImpl=FuzzyLookupFactory,dictionaryImpl=DocumentDictionaryFactory,field=cat,weightField=price,suggestAnalyzerFieldType=string,buildOnStartup=false}
2024-07-09 02:15:18.556 INFO  (qtp570794077-30) [   x:techproducts] o.a.s.h.c.QueryElevationComponent Loading QueryElevation from: /mnt/c/Users/jonat/Programming/solr-learning/solr-8.5.2/example/techproducts/solr/techproducts/conf/elevate.xml
2024-07-09 02:15:18.573 INFO  (qtp570794077-30) [   x:techproducts] o.a.s.h.ReplicationHandler Commits will be reserved for 10000ms.
2024-07-09 02:15:18.577 INFO  (qtp570794077-30) [   x:techproducts] o.a.s.u.UpdateLog Could not find max version in index or recent updates, using new clock 1804065904867147776
2024-07-09 02:15:18.579 INFO  (searcherExecutor-10-thread-1-processing-x:techproducts) [   x:techproducts] o.a.s.c.QuerySenderListener QuerySenderListener sending requests to Searcher@51824ae9[techproducts] main{ExitableDirectoryReader(UninvertingDirectoryReader())}
2024-07-09 02:15:18.584 INFO  (qtp570794077-30) [   x:techproducts] o.a.s.s.HttpSolrCall [admin] webapp=null path=/admin/cores params={name=techproducts&action=CREATE&instanceDir=techproducts&wt=json} status=0 QTime=3982
2024-07-09 02:15:18.644 INFO  (searcherExecutor-10-thread-1-processing-x:techproducts) [   x:techproducts] o.a.s.c.S.Request [techproducts]  webapp=null path=null params={q=static+firstSearcher+warming+in+solrconfig.xml&distrib=false&event=firstSearcher} hits=0 status=0 QTime=62
2024-07-09 02:15:18.645 INFO  (searcherExecutor-10-thread-1-processing-x:techproducts) [   x:techproducts] o.a.s.c.QuerySenderListener QuerySenderListener done.
2024-07-09 02:15:18.645 INFO  (searcherExecutor-10-thread-1-processing-x:techproducts) [   x:techproducts] o.a.s.h.c.SpellCheckComponent Loading spell index for spellchecker: default
2024-07-09 02:15:18.645 INFO  (searcherExecutor-10-thread-1-processing-x:techproducts) [   x:techproducts] o.a.s.h.c.SpellCheckComponent Loading spell index for spellchecker: wordbreak
2024-07-09 02:15:18.649 INFO  (searcherExecutor-10-thread-1-processing-x:techproducts) [   x:techproducts] o.a.s.c.SolrCore [techproducts] Registered new searcher Searcher@51824ae9[techproducts] main{ExitableDirectoryReader(UninvertingDirectoryReader())}
2024-07-09 02:15:18.757 INFO  (qtp570794077-44) [   x:techproducts] o.a.s.u.p.LogUpdateProcessorFactory [techproducts]  webapp=/solr path=/update params={}{add=[GB18030TEST (1804065904989831168)]} 0 129
2024-07-09 02:15:18.814 INFO  (qtp570794077-46) [   x:techproducts] o.a.s.u.p.LogUpdateProcessorFactory [techproducts]  webapp=/solr path=/update params={}{add=[SP2514N (1804065905075814400), 6H500F0 (1804065905114611712)]} 0 40
2024-07-09 02:15:18.830 INFO  (qtp570794077-44) [   x:techproducts] o.a.s.u.p.LogUpdateProcessorFactory [techproducts]  webapp=/solr path=/update params={}{add=[F8V7067-APL-KIT (1804065905128243200), IW-02 (1804065905131388928)]} 0 5
2024-07-09 02:15:18.850 INFO  (qtp570794077-46) [   x:techproducts] o.a.s.u.p.LogUpdateProcessorFactory [techproducts]  webapp=/solr path=/update params={}{add=[MA147LL/A (1804065905147117568)]} 0 8
2024-07-09 02:15:18.870 INFO  (qtp570794077-44) [   x:techproducts] o.a.s.u.p.LogUpdateProcessorFactory [techproducts]  webapp=/solr path=/update params={}{add=[adata (1804065905169137664), apple (1804065905170186240), asus (1804065905171234816), ati (1804065905171234817), belkin (1804065905172283392), canon (1804065905172283393), corsair (1804065905173331968), dell (1804065905173331969), maxtor (1804065905174380544), samsung (1804065905174380545), ... (11 adds)]} 0 8
2024-07-09 02:15:18.888 INFO  (qtp570794077-46) [   x:techproducts] o.a.s.u.p.LogUpdateProcessorFactory [techproducts]  webapp=/solr path=/update params={}{add=[TWINX2048-3200PRO (1804065905188012032), VS1GB400C3 (1804065905192206336), VDBDB1A16 (1804065905193254912)]} 0 6
2024-07-09 02:15:18.903 INFO  (qtp570794077-44) [   x:techproducts] o.a.s.u.p.LogUpdateProcessorFactory [techproducts]  webapp=/solr path=/update params={}{add=[USD (1804065905206886400), EUR (1804065905207934976), GBP (1804065905207934977), NOK (1804065905208983552)]} 0 3
2024-07-09 02:15:18.918 INFO  (qtp570794077-46) [   x:techproducts] o.a.s.u.p.LogUpdateProcessorFactory [techproducts]  webapp=/solr path=/update params={}{add=[3007WFP (1804065905224712192)]} 0 2
2024-07-09 02:15:18.933 INFO  (qtp570794077-44) [   x:techproducts] o.a.s.u.p.LogUpdateProcessorFactory [techproducts]  webapp=/solr path=/update params={}{add=[VA902B (1804065905239392256)]} 0 2
2024-07-09 02:15:18.946 INFO  (qtp570794077-46) [   x:techproducts] o.a.s.u.p.LogUpdateProcessorFactory [techproducts]  webapp=/solr path=/update params={}{add=[0579B002 (1804065905253023744)]} 0 2
2024-07-09 02:15:18.960 INFO  (qtp570794077-44) [   x:techproducts] o.a.s.u.p.LogUpdateProcessorFactory [techproducts]  webapp=/solr path=/update params={}{add=[9885A004 (1804065905268752384)]} 0 1
2024-07-09 02:15:18.975 INFO  (qtp570794077-46) [   x:techproducts] o.a.s.u.p.LogUpdateProcessorFactory [techproducts]  webapp=/solr path=/update params={}{add=[SOLR1000 (1804065905283432448)]} 0 1
2024-07-09 02:15:18.990 INFO  (qtp570794077-44) [   x:techproducts] o.a.s.u.p.LogUpdateProcessorFactory [techproducts]  webapp=/solr path=/update params={}{add=[UTF8TEST (1804065905299161088)]} 0 3
2024-07-09 02:15:19.008 INFO  (qtp570794077-46) [   x:techproducts] o.a.s.u.p.LogUpdateProcessorFactory [techproducts]  webapp=/solr path=/update params={}{add=[EN7800GTX/2DHTV/256M (1804065905316986880), 100-435805 (1804065905319084032)]} 0 3
2024-07-09 02:15:19.010 INFO  (qtp570794077-44) [   x:techproducts] o.a.s.u.DirectUpdateHandler2 start commit{_version_=1804065905322229760,optimize=false,openSearcher=true,waitSearcher=true,expungeDeletes=false,softCommit=false,prepareCommit=false}
2024-07-09 02:15:19.011 INFO  (qtp570794077-44) [   x:techproducts] o.a.s.u.SolrIndexWriter Calling setCommitData with IW:org.apache.solr.update.SolrIndexWriter@19f874a2 commitCommandVersion:1804065905322229760
2024-07-09 02:15:19.314 INFO  (qtp570794077-44) [   x:techproducts] o.a.s.s.SolrIndexSearcher Opening [Searcher@745a077c[techproducts] main]
2024-07-09 02:15:19.315 INFO  (qtp570794077-44) [   x:techproducts] o.a.s.u.DirectUpdateHandler2 end_commit_flush
2024-07-09 02:15:19.316 INFO  (searcherExecutor-10-thread-1-processing-x:techproducts) [   x:techproducts] o.a.s.c.QuerySenderListener QuerySenderListener sending requests to Searcher@745a077c[techproducts] main{ExitableDirectoryReader(UninvertingDirectoryReader(Uninverting(_0(8.5.2):C32:[diagnostics={os=Linux, java.vendor=Ubuntu, java.version=11.0.21, java.vm.version=11.0.21+9-post-Ubuntu-0ubuntu122.04, lucene.version=8.5.2, os.arch=amd64, java.runtime.version=11.0.21+9-post-Ubuntu-0ubuntu122.04, source=flush, os.version=5.15.153.1-microsoft-standard-WSL2, timestamp=1720491319122}]:[attributes={Lucene50StoredFieldsFormat.mode=BEST_SPEED}])))}
2024-07-09 02:15:19.316 INFO  (searcherExecutor-10-thread-1-processing-x:techproducts) [   x:techproducts] o.a.s.c.QuerySenderListener QuerySenderListener done.
2024-07-09 02:15:19.319 INFO  (searcherExecutor-10-thread-1-processing-x:techproducts) [   x:techproducts] o.a.s.c.SolrCore [techproducts] Registered new searcher Searcher@745a077c[techproducts] main{ExitableDirectoryReader(UninvertingDirectoryReader(Uninverting(_0(8.5.2):C32:[diagnostics={os=Linux, java.vendor=Ubuntu, java.version=11.0.21, java.vm.version=11.0.21+9-post-Ubuntu-0ubuntu122.04, lucene.version=8.5.2, os.arch=amd64, java.runtime.version=11.0.21+9-post-Ubuntu-0ubuntu122.04, source=flush, os.version=5.15.153.1-microsoft-standard-WSL2, timestamp=1720491319122}]:[attributes={Lucene50StoredFieldsFormat.mode=BEST_SPEED}])))}
2024-07-09 02:15:19.322 INFO  (qtp570794077-44) [   x:techproducts] o.a.s.u.p.LogUpdateProcessorFactory [techproducts]  webapp=/solr path=/update params={commit=true}{commit=} 0 312
2024-07-09 02:15:19.891 INFO  (qtp570794077-46) [   ] o.a.s.s.HttpSolrCall [admin] webapp=null path=/admin/cores params={indexInfo=false&wt=json&_=1720491319874} status=0 QTime=0
2024-07-09 02:15:19.898 INFO  (qtp570794077-24) [   ] o.a.s.s.HttpSolrCall [admin] webapp=null path=/admin/info/system params={wt=json&_=1720491319874} status=0 QTime=7
2024-07-09 02:15:19.905 INFO  (qtp570794077-31) [   ] o.a.s.s.HttpSolrCall [admin] webapp=null path=/admin/info/system params={wt=json&_=1720491319874} status=0 QTime=4
2024-07-09 02:15:20.574 INFO  (qtp570794077-31) [   ] o.a.s.s.HttpSolrCall [admin] webapp=null path=/admin/cores params={indexInfo=false&wt=json&_=1720491320559} status=0 QTime=0
2024-07-09 02:15:20.588 INFO  (qtp570794077-28) [   ] o.a.s.s.HttpSolrCall [admin] webapp=null path=/admin/info/system params={wt=json&_=1720491320560} status=0 QTime=13
2024-07-09 02:15:20.603 INFO  (qtp570794077-46) [   ] o.a.s.s.HttpSolrCall [admin] webapp=null path=/admin/info/system params={wt=json&_=1720491320560} status=0 QTime=12
2024-07-09 02:15:22.567 INFO  (qtp570794077-25) [   ] o.a.s.s.HttpSolrCall [admin] webapp=null path=/admin/cores params={indexInfo=false&wt=json&_=1720491320559} status=0 QTime=0
2024-07-09 02:15:22.572 INFO  (qtp570794077-26) [   x:techproducts] o.a.s.c.S.Request [techproducts]  webapp=/solr path=/admin/ping params={action=status&wt=json&_=1720491320560&ts=1720491320560} status=503 QTime=2
2024-07-09 02:15:22.575 INFO  (qtp570794077-47) [   x:techproducts] o.a.s.c.S.Request [techproducts]  webapp=/solr path=/admin/system params={wt=json&_=1720491322559} status=0 QTime=8
2024-07-09 02:15:22.576 INFO  (qtp570794077-27) [   ] o.a.s.s.HttpSolrCall [admin] webapp=null path=/admin/info/system params={wt=json&_=1720491320560} status=0 QTime=7
2024-07-09 02:15:22.579 INFO  (qtp570794077-46) [   x:techproducts] o.a.s.c.S.Request [techproducts]  webapp=/solr path=/admin/luke params={numTerms=0&show=index&wt=json&_=1720491322559} status=0 QTime=14
2024-07-09 02:15:22.584 INFO  (qtp570794077-48) [   x:techproducts] o.a.s.c.S.Request [techproducts]  webapp=/solr path=/replication params={wt=json&command=details&_=1720491322559} status=0 QTime=19
2024-07-09 02:15:26.545 INFO  (qtp570794077-54) [   ] o.a.s.s.HttpSolrCall [admin] webapp=null path=/admin/cores params={indexInfo=false&wt=json&_=1720491320559} status=0 QTime=0
2024-07-09 02:15:26.553 INFO  (qtp570794077-26) [   ] o.a.s.s.HttpSolrCall [admin] webapp=null path=/admin/info/system params={wt=json&_=1720491320560} status=0 QTime=8
